<?xml version="1.0" encoding="UTF-8"?>
<!-- Generated by org.testng.reporters.JUnitXMLReporter -->
<testsuite hostname="IBM802-PC09KLER" name="AdminEntityViewTestNGName" tests="3" failures="0" timestamp="3 Jan 2017 04:33:48 GMT" time="220.583" errors="0">
  <testcase name="CorporateEntityView" time="71.677" classname="com.ibm.automation.AdminEntityViewTestNG"/>
  <testcase name="GlobalEntityView" time="65.345" classname="com.ibm.automation.AdminEntityViewTestNG"/>
  <testcase name="PaymentEntityView" time="83.53" classname="com.ibm.automation.AdminEntityViewTestNG"/>
</testsuite> <!-- AdminEntityViewTestNGName -->
