<?xml version="1.0" encoding="UTF-8"?>
<!-- Generated by org.testng.reporters.JUnitXMLReporter -->
<testsuite hostname="IBM802-PC09KLER" name="AdminSmokeTestNGName" tests="20" failures="0" timestamp="31 Aug 2017 04:06:05 GMT" time="645.757" errors="0">
  <testcase name="TC_001_AllEntity_Enterprise_US" time="229.344" classname="com.ibm.automation.AdminSmokeTestNG"/>
  <testcase name="TC_002_GlobalEntity_Enterprise_US" time="0.241" classname="com.ibm.automation.AdminSmokeTestNG"/>
  <testcase name="TC_003_CorporateEntity_Enterprise_US" time="0.156" classname="com.ibm.automation.AdminSmokeTestNG"/>
  <testcase name="TC_004_PaymentEntity_Enterprise_US" time="0.246" classname="com.ibm.automation.AdminSmokeTestNG"/>
  <testcase name="TC_005_AllEntity_Express_US" time="0.141" classname="com.ibm.automation.AdminSmokeTestNG"/>
  <testcase name="TC_006_GlobalEntity_Express_US" time="0.093" classname="com.ibm.automation.AdminSmokeTestNG"/>
  <testcase name="TC_007_CorporateEntity_Express_US" time="0.125" classname="com.ibm.automation.AdminSmokeTestNG"/>
  <testcase name="TC_008_PaymentEntity_Express_US" time="0.103" classname="com.ibm.automation.AdminSmokeTestNG"/>
  <testcase name="TC_009_AllEntity_Express_France" time="0.122" classname="com.ibm.automation.AdminSmokeTestNG"/>
  <testcase name="TC_010_GlobalEntity_Express_France" time="0.078" classname="com.ibm.automation.AdminSmokeTestNG"/>
  <testcase name="TC_011_CorporateEntity_Express_France" time="0.062" classname="com.ibm.automation.AdminSmokeTestNG"/>
  <testcase name="TC_012_PaymentEntity_Express_France" time="0.062" classname="com.ibm.automation.AdminSmokeTestNG"/>
  <testcase name="TC_001_CustomerUserCreate_Admin_Enterprise_US" time="121.466" classname="com.ibm.automation.AdminSmokeTestNG"/>
  <testcase name="TC_002_CustomerUserCreate_Admin_Express_US" time="0.064" classname="com.ibm.automation.AdminSmokeTestNG"/>
  <testcase name="TC_003_CustomerUserCreate_Admin_Express_France" time="0.062" classname="com.ibm.automation.AdminSmokeTestNG"/>
  <testcase name="TC_001_ETLMapping_PIF_Enterprise_US" time="110.672" classname="com.ibm.automation.AdminSmokeTestNG"/>
  <testcase name="TC_002_ETLMapping_CCF_Enterprise_US" time="92.02" classname="com.ibm.automation.AdminSmokeTestNG"/>
  <testcase name="TC_003_ETLMapping_SMDF_Enterprise_US" time="90.538" classname="com.ibm.automation.AdminSmokeTestNG"/>
  <testcase name="TC_004_ETLMapping_SMDF_Express_US" time="0.048" classname="com.ibm.automation.AdminSmokeTestNG"/>
  <testcase name="TC_005_ETLMapping_SMDF_Express_France" time="0.047" classname="com.ibm.automation.AdminSmokeTestNG"/>
</testsuite> <!-- AdminSmokeTestNGName -->
