<?xml version="1.0" encoding="UTF-8"?>
<!-- Generated by org.testng.reporters.JUnitXMLReporter -->
<testsuite hostname="IBM802-PC09KLER" name="AdminPaymentSearchTestNGName" tests="4" failures="0" timestamp="7 Dec 2016 10:23:06 GMT" time="83.823" errors="0">
  <testcase name="OtherFilesTC" time="0.626" classname="com.ibm.automation.AdminPaymentSearchTestNG"/>
  <testcase name="PaymentFilesTC" time="82.739" classname="com.ibm.automation.AdminPaymentSearchTestNG"/>
  <testcase name="SinglePaymentsTC" time="0.233" classname="com.ibm.automation.AdminPaymentSearchTestNG"/>
  <testcase name="SupplierFilesTC" time="0.21" classname="com.ibm.automation.AdminPaymentSearchTestNG"/>
</testsuite> <!-- AdminPaymentSearchTestNGName -->
