<?xml version="1.0" encoding="UTF-8"?>
<!-- Generated by org.testng.reporters.JUnitXMLReporter -->
<testsuite hostname="IBM802-PC09KLER" name="AdminBuyerRelationSupplierEditTestNGName" tests="1" failures="1" timestamp="7 Dec 2016 09:45:51 GMT" time="0.563" errors="0">
  <testcase name="BuyerRelationSupplierEdit" time="0.543" classname="com.ibm.automation.AdminBuyerRelationSupplierEditTestNG">
    <failure type="java.lang.NullPointerException">
      <![CDATA[java.lang.NullPointerException
	at com.ibm.automation.AppBaseClass.testStart(AppBaseClass.java:41)
	at com.ibm.automation.AdminBuyerRelationSupplierEditTestNG.BuyerRelationSupplierEdit(AdminBuyerRelationSupplierEditTestNG.java:42)
... Removed 24 stack frames]]>
    </failure>
  </testcase> <!-- BuyerRelationSupplierEdit -->
</testsuite> <!-- AdminBuyerRelationSupplierEditTestNGName -->
