<?xml version="1.0" encoding="UTF-8"?>
<!-- Generated by org.testng.reporters.JUnitXMLReporter -->
<testsuite hostname="IBM802-PC09KLER" name="AdminSuppRelTestNGName" tests="3" failures="1" timestamp="7 Dec 2016 10:28:46 GMT" time="66.301" errors="0">
  <testcase name="RemitDetailsView" time="65.678" classname="com.ibm.automation.AdminSuppRelTestNG"/>
  <testcase name="RemitDetailsEditSave" time="0.321" classname="com.ibm.automation.AdminSuppRelTestNG">
    <failure type="java.lang.NullPointerException">
      <![CDATA[java.lang.NullPointerException
	at com.ibm.automation.AppBaseClass.testStart(AppBaseClass.java:41)
	at com.ibm.automation.AdminSuppRelTestNG.RemitDetailsEditSave(AdminSuppRelTestNG.java:50)
... Removed 24 stack frames]]>
    </failure>
  </testcase> <!-- RemitDetailsEditSave -->
  <testcase name="RemitDetailsEditWithoutMerchantNumber" time="0.272" classname="com.ibm.automation.AdminSuppRelTestNG"/>
</testsuite> <!-- AdminSuppRelTestNGName -->
