<?xml version="1.0" encoding="UTF-8"?>
<!-- Generated by org.testng.reporters.JUnitXMLReporter -->
<testsuite hostname="IBM802-PC09KLER" name="BipxUsersTestNGName" tests="3" failures="0" timestamp="20 Sep 2016 06:58:55 GMT" time="48.275" errors="0">
  <testcase name="UserAdd" time="47.776" classname="com.ibm.automation.BipxUsersTestNG"/>
  <testcase name="UserEmailNotification" time="0.297" classname="com.ibm.automation.BipxUsersTestNG"/>
  <testcase name="UserBatchNotification" time="0.187" classname="com.ibm.automation.BipxUsersTestNG"/>
</testsuite> <!-- BipxUsersTestNGName -->
