<?xml version="1.0" encoding="UTF-8"?>
<!-- Generated by org.testng.reporters.JUnitXMLReporter -->
<testsuite hostname="IBM802-PC09KLER" name="BipxApprovalWkflwTestNGName" tests="2" failures="0" timestamp="26 Oct 2016 08:09:52 GMT" time="63.474" errors="0">
  <testcase name="WorkflowCreate" time="63.161" classname="com.ibm.automation.BipxApprovalWkflwTestNG"/>
  <testcase name="WorkflowStatus" time="0.282" classname="com.ibm.automation.BipxApprovalWkflwTestNG"/>
</testsuite> <!-- BipxApprovalWkflwTestNGName -->
