<?xml version="1.0" encoding="UTF-8"?>
<!-- Generated by org.testng.reporters.JUnitXMLReporter -->
<testsuite hostname="IBM802-PC09KLER" name="BipxBuyerExportTestNGName" tests="4" failures="0" timestamp="25 Oct 2016 04:53:43 GMT" time="38.659" errors="0">
  <testcase name="ExportSubmit" time="0.391" classname="com.ibm.automation.BipxBuyerExportTestNG"/>
  <testcase name="ExportViewFile" time="0.312" classname="com.ibm.automation.BipxBuyerExportTestNG"/>
  <testcase name="SuppExportDownload" time="0.249" classname="com.ibm.automation.BipxBuyerExportTestNG"/>
  <testcase name="SuppExportSubmit" time="37.691" classname="com.ibm.automation.BipxBuyerExportTestNG"/>
</testsuite> <!-- BipxBuyerExportTestNGName -->
