<?xml version="1.0" encoding="UTF-8"?>
<!-- Generated by org.testng.reporters.JUnitXMLReporter -->
<testsuite hostname="IBM802-PC09KLER" name="BIPXSupplierViewEditTestNGName" tests="2" failures="0" timestamp="26 Dec 2016 08:13:37 GMT" time="140.007" errors="0">
  <testcase name="BIPXSupplierEdit" time="139.662" classname="com.ibm.automation.BIPXSupplierViewEditTestNG"/>
  <testcase name="BIPXSupplierView" time="0.329" classname="com.ibm.automation.BIPXSupplierViewEditTestNG"/>
</testsuite> <!-- BIPXSupplierViewEditTestNGName -->
