<?xml version="1.0" encoding="UTF-8"?>
<!-- Generated by org.testng.reporters.JUnitXMLReporter -->
<testsuite hostname="IBM802-PC09KLER" name="CustomerSmokeTestNGName" tests="10" failures="0" timestamp="11 Sep 2017 11:14:24 GMT" time="79.454" errors="0">
  <testcase name="TC_001_BuyerFirstLogin_Customer_Enterprise_US" time="0.328" classname="com.ibm.automation.CustomerSmokeTestNG"/>
  <testcase name="TC_002_BuyerFirstLogin_Customer_Express_US" time="0.234" classname="com.ibm.automation.CustomerSmokeTestNG"/>
  <testcase name="TC_003_BuyerFirstLogin_Customer_Express_France" time="0.141" classname="com.ibm.automation.CustomerSmokeTestNG"/>
  <testcase name="TC_001_PaymentAccountSetup_Customer_Enterprise_US" time="0.11" classname="com.ibm.automation.CustomerSmokeTestNG"/>
  <testcase name="TC_002_PaymentAccountSetup_Customer_Express_US" time="0.109" classname="com.ibm.automation.CustomerSmokeTestNG"/>
  <testcase name="TC_003_PaymentAccountSetup_Express_France" time="0.094" classname="com.ibm.automation.CustomerSmokeTestNG"/>
  <testcase name="TC_001_PaymentUpload_Express_US" time="0.078" classname="com.ibm.automation.CustomerSmokeTestNG"/>
  <testcase name="TC_002_PaymentUpload_Express_France" time="0.078" classname="com.ibm.automation.CustomerSmokeTestNG"/>
  <testcase name="TC_003_PaySingleSupplier_Express_US" time="78.173" classname="com.ibm.automation.CustomerSmokeTestNG"/>
  <testcase name="TC_004_PaySingleSupplier_Express_France" time="0.079" classname="com.ibm.automation.CustomerSmokeTestNG"/>
</testsuite> <!-- CustomerSmokeTestNGName -->
