<?xml version="1.0" encoding="UTF-8"?>
<!-- Generated by org.testng.reporters.JUnitXMLReporter -->
<testsuite hostname="IBM802-PC09KLER" name="EnterpriseBuyerHomeFilterTestNGName" tests="1" failures="1" timestamp="12 Dec 2016 14:28:39 GMT" time="187.786" errors="0">
  <testcase name="testEnterpriseHomeTabFilter" time="187.766" classname="com.ibm.automation.EnterpriseBuyerHomeFilterTestNG">
    <failure type="java.lang.NullPointerException">
      <![CDATA[java.lang.NullPointerException
	at org.openqa.selenium.support.ui.Quotes.escape(Quotes.java:42)
	at org.openqa.selenium.support.ui.Select.selectByVisibleText(Select.java:115)
	at com.ibm.automation.FwPerformAction.funcSelectFromDropdown(FwPerformAction.java:285)
	at com.ibm.automation.EnterpriseBuyerHomeFilterLib.funcPaymentsTab(EnterpriseBuyerHomeFilterLib.java:178)
	at com.ibm.automation.EnterpriseBuyerHomeFilterTestNG.testEnterpriseHomeTabFilter(EnterpriseBuyerHomeFilterTestNG.java:39)
... Removed 24 stack frames]]>
    </failure>
  </testcase> <!-- testEnterpriseHomeTabFilter -->
</testsuite> <!-- EnterpriseBuyerHomeFilterTestNGName -->
