<?xml version="1.0" encoding="UTF-8"?>
<!-- Generated by org.testng.reporters.JUnitXMLReporter -->
<testsuite hostname="IBM802-PC09KLER" name="ExportTestNGName" tests="9" failures="7" timestamp="3 Mar 2017 03:58:16 GMT" time="43.024" errors="0">
  <testcase name="AdmExportDownload" time="42.197" classname="com.ibm.automation.ExportTestNG"/>
  <testcase name="AdmExportSubmit" time="0.078" classname="com.ibm.automation.ExportTestNG"/>
  <testcase name="BIPExportDownload" time="0.157" classname="com.ibm.automation.ExportTestNG">
    <failure type="java.lang.NullPointerException">
      <![CDATA[java.lang.NullPointerException
	at com.ibm.automation.AppBaseClass.testStart(AppBaseClass.java:60)
	at com.ibm.automation.ExportTestNG.BIPExportDownload(ExportTestNG.java:99)
... Removed 24 stack frames]]>
    </failure>
  </testcase> <!-- BIPExportDownload -->
  <testcase name="BIPExportSubmit" time="0.094" classname="com.ibm.automation.ExportTestNG">
    <failure type="java.lang.NullPointerException">
      <![CDATA[java.lang.NullPointerException
	at com.ibm.automation.AppBaseClass.testStart(AppBaseClass.java:60)
	at com.ibm.automation.ExportTestNG.BIPExportSubmit(ExportTestNG.java:77)
... Removed 24 stack frames]]>
    </failure>
  </testcase> <!-- BIPExportSubmit -->
  <testcase name="BIPFileHistory" time="0.109" classname="com.ibm.automation.ExportTestNG">
    <failure type="java.lang.NullPointerException">
      <![CDATA[java.lang.NullPointerException
	at com.ibm.automation.AppBaseClass.testStart(AppBaseClass.java:60)
	at com.ibm.automation.ExportTestNG.BIPFileHistory(ExportTestNG.java:88)
... Removed 24 stack frames]]>
    </failure>
  </testcase> <!-- BIPFileHistory -->
  <testcase name="BipxExportSubmit" time="0.094" classname="com.ibm.automation.ExportTestNG">
    <failure type="java.lang.NullPointerException">
      <![CDATA[java.lang.NullPointerException
	at com.ibm.automation.AppBaseClass.testStart(AppBaseClass.java:60)
	at com.ibm.automation.ExportTestNG.BipxExportSubmit(ExportTestNG.java:32)
... Removed 24 stack frames]]>
    </failure>
  </testcase> <!-- BipxExportSubmit -->
  <testcase name="BipxExportViewFile" time="0.078" classname="com.ibm.automation.ExportTestNG">
    <failure type="java.lang.NullPointerException">
      <![CDATA[java.lang.NullPointerException
	at com.ibm.automation.AppBaseClass.testStart(AppBaseClass.java:60)
	at com.ibm.automation.ExportTestNG.BipxExportViewFile(ExportTestNG.java:44)
... Removed 24 stack frames]]>
    </failure>
  </testcase> <!-- BipxExportViewFile -->
  <testcase name="SuppExportDownload" time="0.062" classname="com.ibm.automation.ExportTestNG">
    <failure type="java.lang.NullPointerException">
      <![CDATA[java.lang.NullPointerException
	at com.ibm.automation.AppBaseClass.testStart(AppBaseClass.java:60)
	at com.ibm.automation.ExportTestNG.SuppExportDownload(ExportTestNG.java:66)
... Removed 24 stack frames]]>
    </failure>
  </testcase> <!-- SuppExportDownload -->
  <testcase name="SuppExportSubmit" time="0.078" classname="com.ibm.automation.ExportTestNG">
    <failure type="java.lang.NullPointerException">
      <![CDATA[java.lang.NullPointerException
	at com.ibm.automation.AppBaseClass.testStart(AppBaseClass.java:60)
	at com.ibm.automation.ExportTestNG.SuppExportSubmit(ExportTestNG.java:55)
... Removed 24 stack frames]]>
    </failure>
  </testcase> <!-- SuppExportSubmit -->
</testsuite> <!-- ExportTestNGName -->
