<?xml version="1.0" encoding="UTF-8"?>
<!-- Generated by org.testng.reporters.JUnitXMLReporter -->
<testsuite hostname="IBM802-PC09KLER" name="PayAccntSetupTestNGName" tests="12" failures="11" timestamp="5 Sep 2017 04:55:50 GMT" time="98.195" errors="0">
  <testcase name="pcardAdminAccountSetup" time="0.343" classname="com.ibm.automation.PayAccntSetupTestNG">
    <failure type="java.lang.NullPointerException">
      <![CDATA[java.lang.NullPointerException
	at com.ibm.automation.AppBaseClass.testStart(AppBaseClass.java:60)
	at com.ibm.automation.PayAccntSetupTestNG.pcardAdminAccountSetup(PayAccntSetupTestNG.java:34)
... Removed 24 stack frames]]>
    </failure>
  </testcase> <!-- pcardAdminAccountSetup -->
  <testcase name="pcardBuyerAccountSetup" time="0.235" classname="com.ibm.automation.PayAccntSetupTestNG">
    <failure type="java.lang.NullPointerException">
      <![CDATA[java.lang.NullPointerException
	at com.ibm.automation.AppBaseClass.testStart(AppBaseClass.java:60)
	at com.ibm.automation.PayAccntSetupTestNG.pcardBuyerAccountSetup(PayAccntSetupTestNG.java:46)
... Removed 24 stack frames]]>
    </failure>
  </testcase> <!-- pcardBuyerAccountSetup -->
  <testcase name="achAdminAccountSetup" time="0.141" classname="com.ibm.automation.PayAccntSetupTestNG">
    <failure type="java.lang.NullPointerException">
      <![CDATA[java.lang.NullPointerException
	at com.ibm.automation.AppBaseClass.testStart(AppBaseClass.java:60)
	at com.ibm.automation.PayAccntSetupTestNG.achAdminAccountSetup(PayAccntSetupTestNG.java:58)
... Removed 24 stack frames]]>
    </failure>
  </testcase> <!-- achAdminAccountSetup -->
  <testcase name="achBuyerAccountSetup" time="0.125" classname="com.ibm.automation.PayAccntSetupTestNG">
    <failure type="java.lang.NullPointerException">
      <![CDATA[java.lang.NullPointerException
	at com.ibm.automation.AppBaseClass.testStart(AppBaseClass.java:60)
	at com.ibm.automation.PayAccntSetupTestNG.achBuyerAccountSetup(PayAccntSetupTestNG.java:70)
... Removed 24 stack frames]]>
    </failure>
  </testcase> <!-- achBuyerAccountSetup -->
  <testcase name="iwireAdminAccountSetup" time="0.109" classname="com.ibm.automation.PayAccntSetupTestNG">
    <failure type="java.lang.NullPointerException">
      <![CDATA[java.lang.NullPointerException
	at com.ibm.automation.AppBaseClass.testStart(AppBaseClass.java:60)
	at com.ibm.automation.PayAccntSetupTestNG.iwireAdminAccountSetup(PayAccntSetupTestNG.java:82)
... Removed 24 stack frames]]>
    </failure>
  </testcase> <!-- iwireAdminAccountSetup -->
  <testcase name="iwireBuyerAccountSetup" time="0.078" classname="com.ibm.automation.PayAccntSetupTestNG">
    <failure type="java.lang.NullPointerException">
      <![CDATA[java.lang.NullPointerException
	at com.ibm.automation.AppBaseClass.testStart(AppBaseClass.java:60)
	at com.ibm.automation.PayAccntSetupTestNG.iwireBuyerAccountSetup(PayAccntSetupTestNG.java:94)
... Removed 24 stack frames]]>
    </failure>
  </testcase> <!-- iwireBuyerAccountSetup -->
  <testcase name="checkAdminAccountSetup" time="0.078" classname="com.ibm.automation.PayAccntSetupTestNG">
    <failure type="java.lang.NullPointerException">
      <![CDATA[java.lang.NullPointerException
	at com.ibm.automation.AppBaseClass.testStart(AppBaseClass.java:60)
	at com.ibm.automation.PayAccntSetupTestNG.checkAdminAccountSetup(PayAccntSetupTestNG.java:106)
... Removed 24 stack frames]]>
    </failure>
  </testcase> <!-- checkAdminAccountSetup -->
  <testcase name="checkBuyerAccountSetup" time="0.094" classname="com.ibm.automation.PayAccntSetupTestNG">
    <failure type="java.lang.NullPointerException">
      <![CDATA[java.lang.NullPointerException
	at com.ibm.automation.AppBaseClass.testStart(AppBaseClass.java:60)
	at com.ibm.automation.PayAccntSetupTestNG.checkBuyerAccountSetup(PayAccntSetupTestNG.java:118)
... Removed 24 stack frames]]>
    </failure>
  </testcase> <!-- checkBuyerAccountSetup -->
  <testcase name="expBuyerPayAccntSetup" time="0.078" classname="com.ibm.automation.PayAccntSetupTestNG">
    <failure type="java.lang.NullPointerException">
      <![CDATA[java.lang.NullPointerException
	at com.ibm.automation.AppBaseClass.testStart(AppBaseClass.java:60)
	at com.ibm.automation.PayAccntSetupTestNG.expBuyerPayAccntSetup(PayAccntSetupTestNG.java:130)
... Removed 24 stack frames]]>
    </failure>
  </testcase> <!-- expBuyerPayAccntSetup -->
  <testcase name="fxAdminAccountSetup" time="0.078" classname="com.ibm.automation.PayAccntSetupTestNG">
    <failure type="java.lang.NullPointerException">
      <![CDATA[java.lang.NullPointerException
	at com.ibm.automation.AppBaseClass.testStart(AppBaseClass.java:60)
	at com.ibm.automation.PayAccntSetupTestNG.fxAdminAccountSetup(PayAccntSetupTestNG.java:142)
... Removed 24 stack frames]]>
    </failure>
  </testcase> <!-- fxAdminAccountSetup -->
  <testcase name="fxBuyerAccountSetup" time="0.064" classname="com.ibm.automation.PayAccntSetupTestNG">
    <failure type="java.lang.NullPointerException">
      <![CDATA[java.lang.NullPointerException
	at com.ibm.automation.AppBaseClass.testStart(AppBaseClass.java:60)
	at com.ibm.automation.PayAccntSetupTestNG.fxBuyerAccountSetup(PayAccntSetupTestNG.java:154)
... Removed 24 stack frames]]>
    </failure>
  </testcase> <!-- fxBuyerAccountSetup -->
  <testcase name="bipaccntBuyerAccountSetup" time="96.711" classname="com.ibm.automation.PayAccntSetupTestNG"/>
</testsuite> <!-- PayAccntSetupTestNGName -->
