<?xml version="1.0" encoding="UTF-8"?>
<!-- Generated by org.testng.reporters.JUnitXMLReporter -->
<testsuite hostname="IBM802-PC09KLER" name="PEFilterPaginationTestNGName" tests="2" failures="0" timestamp="7 Dec 2016 10:53:23 GMT" time="22.727" errors="0">
  <testcase name="PEHomeFilter" time="0.521" classname="com.ibm.automation.PEFilterPaginationTestNG"/>
  <testcase name="PEHomePagination" time="22.183" classname="com.ibm.automation.PEFilterPaginationTestNG"/>
</testsuite> <!-- PEFilterPaginationTestNGName -->
