<?xml version="1.0" encoding="UTF-8"?>
<!-- Generated by org.testng.reporters.JUnitXMLReporter -->
<testsuite hostname="IBM802-PC09KLER" name="SMDFUploadTestNGName" tests="3" failures="0" timestamp="21 Sep 2017 05:44:35 GMT" time="127.485" errors="0">
  <testcase name="TC_001_SMDFUpload_Enterprise_US" time="0.312" classname="com.ibm.automation.SMDFUploadTestNG"/>
  <testcase name="TC_002_SMDFUpload_Express_US" time="127.0" classname="com.ibm.automation.SMDFUploadTestNG"/>
  <testcase name="TC_003_SMDFUpload_Express_France" time="0.142" classname="com.ibm.automation.SMDFUploadTestNG"/>
</testsuite> <!-- SMDFUploadTestNGName -->
